Using pre-set license
Built from '2020.3/staging' branch; Version is '2020.3.26f1 (7298b473bc1a) revision 7510196'; Using compiler version '192528614'; Build Type 'Release'
OS: 'Windows 10  (10.0.19043) 64bit Core' Language: 'en' Physical Memory: 8050 MB
BatchMode: 1, IsHumanControllingUs: 0, StartBugReporterOnCrash: 0, Is64bit: 1, IsPro: 0

COMMAND LINE ARGUMENTS:
C:\Program Files\Unity\Hub\Editor\2020.3.26f1\Editor\Unity.exe
-adb2
-batchMode
-noUpm
-name
AssetImportWorker0
-projectPath
C:/Repos/GGJ2022/Global Games Jam
-logFile
Logs/AssetImportWorker0.log
-srvPort
63688
Successfully changed project path to: C:/Repos/GGJ2022/Global Games Jam
C:/Repos/GGJ2022/Global Games Jam
Using Asset Import Pipeline V2.
Refreshing native plugins compatible for Editor in 71.31 ms, found 2 plugins.
Preloading 0 native plugins for Editor in 0.00 ms.
Initialize engine version: 2020.3.26f1 (7298b473bc1a)
[Subsystems] Discovering subsystems at path C:/Program Files/Unity/Hub/Editor/2020.3.26f1/Editor/Data/Resources/UnitySubsystems
[Subsystems] Discovering subsystems at path C:/Repos/GGJ2022/Global Games Jam/Assets
GfxDevice: creating device client; threaded=0
Direct3D:
    Version:  Direct3D 11.0 [level 11.1]
    Renderer: Intel(R) HD Graphics 620 (ID=0x5916)
    Vendor:   
    VRAM:     4025 MB
    Driver:   27.20.100.8681
Initialize mono
Mono path[0] = 'C:/Program Files/Unity/Hub/Editor/2020.3.26f1/Editor/Data/Managed'
Mono path[1] = 'C:/Program Files/Unity/Hub/Editor/2020.3.26f1/Editor/Data/MonoBleedingEdge/lib/mono/unityjit'
Mono config path = 'C:/Program Files/Unity/Hub/Editor/2020.3.26f1/Editor/Data/MonoBleedingEdge/etc'
Using monoOptions --debugger-agent=transport=dt_socket,embedding=1,server=y,suspend=n,address=127.0.0.1:56608
Begin MonoManager ReloadAssembly
Registering precompiled unity dll's ...
Register platform support module: C:/Program Files/Unity/Hub/Editor/2020.3.26f1/Editor/Data/PlaybackEngines/WindowsStandaloneSupport/UnityEditor.WindowsStandalone.Extensions.dll
Registered in 0.003080 seconds.
Native extension for WindowsStandalone target not found
Refreshing native plugins compatible for Editor in 62.08 ms, found 2 plugins.
Preloading 0 native plugins for Editor in 0.00 ms.
Mono: successfully reloaded assembly
- Completed reload, in  0.968 seconds
Domain Reload Profiling:
	ReloadAssembly (969ms)
		BeginReloadAssembly (84ms)
			ExecutionOrderSort (0ms)
			DisableScriptedObjects (0ms)
			BackupInstance (0ms)
			ReleaseScriptingObjects (0ms)
			CreateAndSetChildDomain (1ms)
		EndReloadAssembly (773ms)
			LoadAssemblies (80ms)
			RebuildTransferFunctionScriptingTraits (0ms)
			SetupTypeCache (238ms)
			ReleaseScriptCaches (0ms)
			RebuildScriptCaches (65ms)
			SetupLoadedEditorAssemblies (272ms)
				LogAssemblyErrors (0ms)
				InitializePlatformSupportModulesInManaged (6ms)
				SetLoadedEditorAssemblies (0ms)
				RefreshPlugins (62ms)
				BeforeProcessingInitializeOnLoad (26ms)
				ProcessInitializeOnLoadAttributes (134ms)
				ProcessInitializeOnLoadMethodAttributes (43ms)
				AfterProcessingInitializeOnLoad (0ms)
				EditorAssembliesLoaded (0ms)
			ExecutionOrderSort2 (0ms)
			AwakeInstancesAfterBackupRestoration (0ms)
Platform modules already initialized, skipping
Registering precompiled user dll's ...
Registered in 0.007239 seconds.
Begin MonoManager ReloadAssembly
Native extension for WindowsStandalone target not found
Refreshing native plugins compatible for Editor in 0.44 ms, found 2 plugins.
Preloading 0 native plugins for Editor in 0.00 ms.
Mono: successfully reloaded assembly
- Completed reload, in  1.707 seconds
Domain Reload Profiling:
	ReloadAssembly (1708ms)
		BeginReloadAssembly (233ms)
			ExecutionOrderSort (0ms)
			DisableScriptedObjects (8ms)
			BackupInstance (0ms)
			ReleaseScriptingObjects (0ms)
			CreateAndSetChildDomain (27ms)
		EndReloadAssembly (1373ms)
			LoadAssemblies (141ms)
			RebuildTransferFunctionScriptingTraits (0ms)
			SetupTypeCache (497ms)
			ReleaseScriptCaches (1ms)
			RebuildScriptCaches (72ms)
			SetupLoadedEditorAssemblies (516ms)
				LogAssemblyErrors (0ms)
				InitializePlatformSupportModulesInManaged (7ms)
				SetLoadedEditorAssemblies (1ms)
				RefreshPlugins (1ms)
				BeforeProcessingInitializeOnLoad (134ms)
				ProcessInitializeOnLoadAttributes (339ms)
				ProcessInitializeOnLoadMethodAttributes (24ms)
				AfterProcessingInitializeOnLoad (10ms)
				EditorAssembliesLoaded (0ms)
			ExecutionOrderSort2 (0ms)
			AwakeInstancesAfterBackupRestoration (11ms)
Platform modules already initialized, skipping
========================================================================
Worker process is ready to serve import requests
Launched and connected shader compiler UnityShaderCompiler.exe after 0.11 seconds
Refreshing native plugins compatible for Editor in 0.42 ms, found 2 plugins.
Preloading 0 native plugins for Editor in 0.00 ms.
Unloading 1584 Unused Serialized files (Serialized files now loaded: 0)
System memory in use before: 71.7 MB.
System memory in use after: 71.8 MB.

Unloading 23 unused Assets to reduce memory usage. Loaded Objects now: 2021.
Total: 3.922600 ms (FindLiveObjects: 0.186500 ms CreateObjectMapping: 0.072500 ms MarkObjects: 3.571800 ms  DeleteObjects: 0.090400 ms)

AssetImportParameters requested are different than current active one (requested -> active):
  custom:framework-win-MediaFoundation: 216162199b28c13a410421893ffa2e32 -> 
  custom:video-decoder-ogg-theora: a1e56fd34408186e4bbccfd4996cb3dc -> 
  custom:container-muxer-webm: aa71ff27fc2769a1b78a27578f13a17b -> 
  custom:container-demuxer-webm: 4f35f7cbe854078d1ac9338744f61a02 -> 
  custom:container-demuxer-ogg: 62fdf1f143b41e24485cea50d1cbac27 -> 
  custom:video-encoder-webm-vp8: eb34c28f22e8b96e1ab97ce403110664 -> 
  custom:video-decoder-webm-vp8: 9c59270c3fd7afecdb556c50c9e8de78 -> 
  custom:audio-decoder-ogg-vorbis: bf7c407c2cedff20999df2af8eb42d56 -> 
  custom:audio-encoder-webm-vorbis: bf7c407c2cedff20999df2af8eb42d56 -> 
========================================================================
Received Import Request.
  path: Assets/Sprites
  artifactKey: Guid(6b01eb5b76d90924380f7638c661cb23) Importer(815301076,1909f56bfc062723c751e8b465ee728b)
Start importing Assets/Sprites using Guid(6b01eb5b76d90924380f7638c661cb23) Importer(815301076,1909f56bfc062723c751e8b465ee728b)  -> (artifact id: '6def5748b0031ade3648bc5c1edb1888') in 0.012687 seconds 
  Import took 0.016959 seconds .

========================================================================
Received Import Request.
  Time since last request: 0.000369 seconds.
  path: Assets/Sprites/Grey_tile.png
  artifactKey: Guid(086447521e124d34d9fee85b6e9dc441) Importer(815301076,1909f56bfc062723c751e8b465ee728b)
Start importing Assets/Sprites/Grey_tile.png using Guid(086447521e124d34d9fee85b6e9dc441) Importer(815301076,1909f56bfc062723c751e8b465ee728b)  -> (artifact id: 'cf0ea1fb86b7373df4c4f88c243f5f74') in 0.155529 seconds 
  Import took 0.159844 seconds .

========================================================================
Received Import Request.
  Time since last request: 0.001315 seconds.
  path: Assets/Sprites/grey_wall_tile.png
  artifactKey: Guid(e0c6a85e10c841d42ae587db020981d1) Importer(815301076,1909f56bfc062723c751e8b465ee728b)
Start importing Assets/Sprites/grey_wall_tile.png using Guid(e0c6a85e10c841d42ae587db020981d1) Importer(815301076,1909f56bfc062723c751e8b465ee728b)  -> (artifact id: '230899fa978f137ef0915a2c47a64d29') in 0.030511 seconds 
  Import took 0.036962 seconds .

========================================================================
Received Import Request.
  Time since last request: 13.011510 seconds.
  path: Assets/Sprites/Grey_tile.png
  artifactKey: Guid(086447521e124d34d9fee85b6e9dc441) Importer(815301076,1909f56bfc062723c751e8b465ee728b)
Start importing Assets/Sprites/Grey_tile.png using Guid(086447521e124d34d9fee85b6e9dc441) Importer(815301076,1909f56bfc062723c751e8b465ee728b)  -> (artifact id: 'af177879e04a01f2b3e53a8377a0cf7f') in 0.096642 seconds 
  Import took 0.101907 seconds .

========================================================================
Received Import Request.
  Time since last request: 7.604237 seconds.
  path: Assets/Sprites/grey_wall_tile.png
  artifactKey: Guid(e0c6a85e10c841d42ae587db020981d1) Importer(815301076,1909f56bfc062723c751e8b465ee728b)
Start importing Assets/Sprites/grey_wall_tile.png using Guid(e0c6a85e10c841d42ae587db020981d1) Importer(815301076,1909f56bfc062723c751e8b465ee728b)  -> (artifact id: '92f6b33c7aaebae7c33b84a6fd398599') in 0.028272 seconds 
  Import took 0.034772 seconds .

========================================================================
Received Import Request.
  Time since last request: 11.617289 seconds.
  path: Assets/Tiles/White 1.asset
  artifactKey: Guid(fd2037674fdf23a4990f24496deaa0df) Importer(815301076,1909f56bfc062723c751e8b465ee728b)
Start importing Assets/Tiles/White 1.asset using Guid(fd2037674fdf23a4990f24496deaa0df) Importer(815301076,1909f56bfc062723c751e8b465ee728b)  -> (artifact id: '2c832c2c055544343b61f907a40c7161') in 0.066126 seconds 
  Import took 0.072086 seconds .

========================================================================
Received Import Request.
  Time since last request: 0.553427 seconds.
  path: Assets/Tiles/White 2.asset
  artifactKey: Guid(60ab3d583964844439206e0ad8109057) Importer(815301076,1909f56bfc062723c751e8b465ee728b)
Start importing Assets/Tiles/White 2.asset using Guid(60ab3d583964844439206e0ad8109057) Importer(815301076,1909f56bfc062723c751e8b465ee728b)  -> (artifact id: '44e5f84daf20466465cb90d1adbd58ea') in 0.023353 seconds 
  Import took 0.031184 seconds .

========================================================================
Received Import Request.
  Time since last request: 5.505917 seconds.
  path: Assets/Tiles/Grey_wall.asset
  artifactKey: Guid(60ab3d583964844439206e0ad8109057) Importer(815301076,1909f56bfc062723c751e8b465ee728b)
Start importing Assets/Tiles/Grey_wall.asset using Guid(60ab3d583964844439206e0ad8109057) Importer(815301076,1909f56bfc062723c751e8b465ee728b)  -> (artifact id: '8cda1c9a142f45405502029c55f7f9c5') in 0.024490 seconds 
  Import took 0.031951 seconds .

========================================================================
Received Import Request.
  Time since last request: 5.198456 seconds.
  path: Assets/Tiles/Grey.asset
  artifactKey: Guid(fd2037674fdf23a4990f24496deaa0df) Importer(815301076,1909f56bfc062723c751e8b465ee728b)
Start importing Assets/Tiles/Grey.asset using Guid(fd2037674fdf23a4990f24496deaa0df) Importer(815301076,1909f56bfc062723c751e8b465ee728b)  -> (artifact id: '9bcbfb4884dd7ce3ccb5bed0a600971e') in 0.025079 seconds 
  Import took 0.032043 seconds .

========================================================================
Received Import Request.
  Time since last request: 13.685233 seconds.
  path: Assets/Tiles/Grey.asset
  artifactKey: Guid(fd2037674fdf23a4990f24496deaa0df) Importer(815301076,1909f56bfc062723c751e8b465ee728b)
Start importing Assets/Tiles/Grey.asset using Guid(fd2037674fdf23a4990f24496deaa0df) Importer(815301076,1909f56bfc062723c751e8b465ee728b)  -> (artifact id: '531d4dab17d62214a15b1e12cbf88edf') in 0.022964 seconds 
  Import took 0.029820 seconds .

========================================================================
Received Import Request.
  Time since last request: 0.001032 seconds.
  path: Assets/Tiles/Grey_wall.asset
  artifactKey: Guid(60ab3d583964844439206e0ad8109057) Importer(815301076,1909f56bfc062723c751e8b465ee728b)
Start importing Assets/Tiles/Grey_wall.asset using Guid(60ab3d583964844439206e0ad8109057) Importer(815301076,1909f56bfc062723c751e8b465ee728b)  -> (artifact id: '7d0742f0f6f9c7265fc82883acae294d') in 0.026156 seconds 
  Import took 0.034662 seconds .

========================================================================
Received Import Request.
  Time since last request: 12.851627 seconds.
  path: Assets/Tiles/Palette.prefab
  artifactKey: Guid(fce92839c100a45498e433efc1a2f1fc) Importer(815301076,1909f56bfc062723c751e8b465ee728b)
Start importing Assets/Tiles/Palette.prefab using Guid(fce92839c100a45498e433efc1a2f1fc) Importer(815301076,1909f56bfc062723c751e8b465ee728b)  -> (artifact id: 'd26ccc7259223720b0d595d1969205f4') in 0.082848 seconds 
  Import took 0.088347 seconds .

========================================================================
Received Import Request.
  Time since last request: 1.678546 seconds.
  path: Assets/Tiles/Palette.prefab
  artifactKey: Guid(fce92839c100a45498e433efc1a2f1fc) Importer(815301076,1909f56bfc062723c751e8b465ee728b)
Start importing Assets/Tiles/Palette.prefab using Guid(fce92839c100a45498e433efc1a2f1fc) Importer(815301076,1909f56bfc062723c751e8b465ee728b)  -> (artifact id: '64df1273f22ef655d7444066093caae3') in 0.031173 seconds 
  Import took 0.039667 seconds .

========================================================================
Received Import Request.
  Time since last request: 30.070346 seconds.
  path: ProjectSettings/TagManager.asset
  artifactKey: Guid(00000000000000003000000000000000) Importer(815301076,1909f56bfc062723c751e8b465ee728b)
Start importing ProjectSettings/TagManager.asset using Guid(00000000000000003000000000000000) Importer(815301076,1909f56bfc062723c751e8b465ee728b)  -> (artifact id: 'ff61719627fd4b3195452820e94e6052') in 0.016620 seconds 
  Import took 0.022904 seconds .

========================================================================
Received Import Request.
  Time since last request: 6.685568 seconds.
  path: ProjectSettings/TagManager.asset
  artifactKey: Guid(00000000000000003000000000000000) Importer(815301076,1909f56bfc062723c751e8b465ee728b)
Start importing ProjectSettings/TagManager.asset using Guid(00000000000000003000000000000000) Importer(815301076,1909f56bfc062723c751e8b465ee728b)  -> (artifact id: '054a30d3870ba07fdde286e98634eabd') in 0.005378 seconds 
  Import took 0.012213 seconds .

========================================================================
Received Import Request.
  Time since last request: 68.367572 seconds.
  path: ProjectSettings/TagManager.asset
  artifactKey: Guid(00000000000000003000000000000000) Importer(815301076,1909f56bfc062723c751e8b465ee728b)
Start importing ProjectSettings/TagManager.asset using Guid(00000000000000003000000000000000) Importer(815301076,1909f56bfc062723c751e8b465ee728b)  -> (artifact id: 'ad819d94f454c27dbcae5ac9c21b1089') in 0.007912 seconds 
  Import took 0.013955 seconds .

